#
# There is insufficient memory for the Java Runtime Environment to continue.
# Native memory allocation (mmap) failed to map 266338304 bytes for Failed to commit area from 0x0000000702000000 to 0x0000000711e00000 of length 266338304.
# Possible reasons:
#   The system is out of physical RAM or swap space
#   The process is running with CompressedOops enabled, and the Java Heap may be blocking the growth of the native heap
# Possible solutions:
#   Reduce memory load on the system
#   Increase physical memory or swap space
#   Check if swap backing store is full
#   Decrease Java heap size (-Xmx/-Xms)
#   Decrease number of Java threads
#   Decrease Java thread stack sizes (-Xss)
#   Set larger code cache with -XX:ReservedCodeCacheSize=
# This output file may be truncated or incomplete.
#
#  Out of Memory Error (./src/hotspot/os/windows/os_windows.cpp:3619), pid=6712, tid=2176
#
# JRE version:  (11.0.13) (build )
# Java VM: OpenJDK 64-Bit Server VM (11.0.13+0-b1751.21-8125866, mixed mode, sharing, tiered, compressed oops, g1 gc, windows-amd64)
# No core dump will be written. Minidumps are not enabled by default on client versions of Windows
#

---------------  S U M M A R Y ------------

Command Line: git4idea.http.GitAskPassApp Username for 'https://github.com': 

Host: Intel(R) Core(TM) i5-10210U CPU @ 1.60GHz, 8 cores, 15G,  Windows 10 , 64 bit Build 19041 (10.0.19041.1889)
Time: Wed Oct 12 22:25:27 2022 Türkiye Standart Saati elapsed time: 0.023614 seconds (0d 0h 0m 0s)

---------------  T H R E A D  ---------------

Current thread (0x000001d0c5fa9000):  JavaThread "Unknown thread" [_thread_in_vm, id=2176, stack(0x000000608ca00000,0x000000608cb00000)]

Stack: [0x000000608ca00000,0x000000608cb00000]
Native frames: (J=compiled Java code, j=interpreted, Vv=VM code, C=native code)
V  [jvm.dll+0x6100fa]
V  [jvm.dll+0x747090]
V  [jvm.dll+0x7486ad]
V  [jvm.dll+0x748d83]
V  [jvm.dll+0x24ab48]
V  [jvm.dll+0x60d164]
V  [jvm.dll+0x601e75]
V  [jvm.dll+0x308bdb]
V  [jvm.dll+0x308b4a]
V  [jvm.dll+0x308a22]
V  [jvm.dll+0x30d986]
V  [jvm.dll+0x357093]
V  [jvm.dll+0x357796]
V  [jvm.dll+0x357193]
V  [jvm.dll+0x2e3448]
V  [jvm.dll+0x2e45f7]
V  [jvm.dll+0x7242e7]
V  [jvm.dll+0x725adc]
V  [jvm.dll+0x364629]
V  [jvm.dll+0x707cee]
V  [jvm.dll+0x3d2633]
V  [jvm.dll+0x3d4a21]
C  [jli.dll+0x536b]
C  [ucrtbase.dll+0x21bb2]
C  [KERNEL32.DLL+0x17034]
C  [ntdll.dll+0x526a1]


---------------  P R O C E S S  ---------------

Threads class SMR info:
_java_thread_list=0x000001d0c470ee60, length=0, elements={
}

Java Threads: ( => current thread )

Other Threads:
  0x000001d0c5fc0000 GCTaskThread "GC Thread#0" [stack: 0x000000608cb00000,0x000000608cc00000] [id=10488]
  0x000001d0c601d800 ConcurrentGCThread "G1 Main Marker" [stack: 0x000000608cc00000,0x000000608cd00000] [id=3276]
  0x000001d0c6020000 ConcurrentGCThread "G1 Conc#0" [stack: 0x000000608cd00000,0x000000608ce00000] [id=4432]

[error occurred during error reporting (printing all threads), id 0xc0000005, EXCEPTION_ACCESS_VIOLATION (0xc0000005) at pc=0x00007ffbb0093dd7]

VM state:not at safepoint (not fully initialized)

VM Mutex/Monitor currently owned by a thread:  ([mutex/lock_event])
[0x000001d0c5fa6150] Heap_lock - owner thread: 0x000001d0c5fa9000

Heap address: 0x0000000702000000, size: 4064 MB, Compressed Oops mode: Non-zero based: 0x0000000702000000
Narrow klass base: 0x0000000000000000, Narrow klass shift: 0

GC Heap History (0 events):
No events

Deoptimization events (0 events):
No events

Classes redefined (0 events):
No events

Internal exceptions (0 events):
No events

Events (1 events):
Event: 0.013 Loaded shared library C:\Program Files\Android\Android Studio\jre\bin\zip.dll


Dynamic libraries:
0x00007ff7b2a80000 - 0x00007ff7b2a8a000 	C:\Program Files\Android\Android Studio\jre\bin\java.exe
0x00007ffc10790000 - 0x00007ffc10988000 	C:\WINDOWS\SYSTEM32\ntdll.dll
0x00007ffc0f060000 - 0x00007ffc0f11d000 	C:\WINDOWS\System32\KERNEL32.DLL
0x00007ffc0e220000 - 0x00007ffc0e4ee000 	C:\WINDOWS\System32\KERNELBASE.dll
0x00007ffc0e6f0000 - 0x00007ffc0e7f0000 	C:\WINDOWS\System32\ucrtbase.dll
0x00007ffc07870000 - 0x00007ffc07889000 	C:\Program Files\Android\Android Studio\jre\bin\jli.dll
0x00007ffc08c80000 - 0x00007ffc08c97000 	C:\Program Files\Android\Android Studio\jre\bin\VCRUNTIME140.dll
0x00007ffc0eec0000 - 0x00007ffc0f060000 	C:\WINDOWS\System32\USER32.dll
0x00007ffc0e560000 - 0x00007ffc0e582000 	C:\WINDOWS\System32\win32u.dll
0x00007ffbee8a0000 - 0x00007ffbeeb3a000 	C:\WINDOWS\WinSxS\amd64_microsoft.windows.common-controls_6595b64144ccf1df_6.0.19041.1110_none_60b5254171f9507e\COMCTL32.dll
0x00007ffc0f6c0000 - 0x00007ffc0f6ea000 	C:\WINDOWS\System32\GDI32.dll
0x00007ffc0ecc0000 - 0x00007ffc0ed5e000 	C:\WINDOWS\System32\msvcrt.dll
0x00007ffc0e5e0000 - 0x00007ffc0e6eb000 	C:\WINDOWS\System32\gdi32full.dll
0x00007ffc0dff0000 - 0x00007ffc0e08d000 	C:\WINDOWS\System32\msvcp_win.dll
0x00007ffc0ee90000 - 0x00007ffc0eec0000 	C:\WINDOWS\System32\IMM32.DLL
0x00007ffbeee90000 - 0x00007ffbeef2d000 	C:\Program Files\Android\Android Studio\jre\bin\msvcp140.dll
0x00007ffbafda0000 - 0x00007ffbb08a2000 	C:\Program Files\Android\Android Studio\jre\bin\server\jvm.dll
0x00007ffc0f550000 - 0x00007ffc0f5fe000 	C:\WINDOWS\System32\ADVAPI32.dll
0x00007ffc0f2b0000 - 0x00007ffc0f34c000 	C:\WINDOWS\System32\sechost.dll
0x00007ffc0f180000 - 0x00007ffc0f2a5000 	C:\WINDOWS\System32\RPCRT4.dll
0x00007ffc0f3d0000 - 0x00007ffc0f3d8000 	C:\WINDOWS\System32\PSAPI.DLL
0x00007ffc06c60000 - 0x00007ffc06c6a000 	C:\WINDOWS\SYSTEM32\VERSION.dll
0x00007ffbfc780000 - 0x00007ffbfc7a7000 	C:\WINDOWS\SYSTEM32\WINMM.dll
0x00007ffc09ae0000 - 0x00007ffc09ae9000 	C:\WINDOWS\SYSTEM32\WSOCK32.dll
0x00007ffc0f360000 - 0x00007ffc0f3cb000 	C:\WINDOWS\System32\WS2_32.dll
0x00007ffc0bda0000 - 0x00007ffc0bdb2000 	C:\WINDOWS\SYSTEM32\kernel.appcore.dll
0x00007ffc08950000 - 0x00007ffc08961000 	C:\Program Files\Android\Android Studio\jre\bin\verify.dll
0x00007ffbf7800000 - 0x00007ffbf79e4000 	C:\WINDOWS\SYSTEM32\DBGHELP.DLL
0x00007ffbf77a0000 - 0x00007ffbf77cc000 	C:\WINDOWS\SYSTEM32\dbgcore.DLL
0x00007ffc0deb0000 - 0x00007ffc0df32000 	C:\WINDOWS\System32\bcryptPrimitives.dll
0x00007ffc07930000 - 0x00007ffc07959000 	C:\Program Files\Android\Android Studio\jre\bin\java.dll
0x00007ffc088b0000 - 0x00007ffc088bb000 	C:\Program Files\Android\Android Studio\jre\bin\jimage.dll
0x00007ffc08590000 - 0x00007ffc085a8000 	C:\Program Files\Android\Android Studio\jre\bin\zip.dll

dbghelp: loaded successfully - version: 4.0.5 - missing functions: none
symbol engine: initialized successfully - sym options: 0x614 - pdb path: .;C:\Program Files\Android\Android Studio\jre\bin;C:\WINDOWS\SYSTEM32;C:\WINDOWS\WinSxS\amd64_microsoft.windows.common-controls_6595b64144ccf1df_6.0.19041.1110_none_60b5254171f9507e;C:\Program Files\Android\Android Studio\jre\bin\server

VM Arguments:
java_command: git4idea.http.GitAskPassApp Username for 'https://github.com': 
java_class_path (initial): C:/Program Files/Android/Android Studio/plugins/git4idea/lib/git4idea-rt.jar;C:/Program Files/Android/Android Studio/lib/3rd-party.jar;C:/Program Files/Android/Android Studio/lib/3rd-party-rt.jar
Launcher Type: SUN_STANDARD

[Global flags]
     intx CICompilerCount                          = 4                                         {product} {ergonomic}
     uint ConcGCThreads                            = 2                                         {product} {ergonomic}
     uint G1ConcRefinementThreads                  = 8                                         {product} {ergonomic}
   size_t G1HeapRegionSize                         = 1048576                                   {product} {ergonomic}
    uintx GCDrainStackTargetSize                   = 64                                        {product} {ergonomic}
   size_t InitialHeapSize                          = 266338304                                 {product} {ergonomic}
   size_t MarkStackSize                            = 4194304                                   {product} {ergonomic}
   size_t MaxHeapSize                              = 4261412864                                {product} {ergonomic}
   size_t MinHeapDeltaBytes                        = 1048576                                   {product} {ergonomic}
    uintx NonNMethodCodeHeapSize                   = 5836300                                {pd product} {ergonomic}
    uintx NonProfiledCodeHeapSize                  = 122910970                              {pd product} {ergonomic}
    uintx ProfiledCodeHeapSize                     = 122910970                              {pd product} {ergonomic}
    uintx ReservedCodeCacheSize                    = 251658240                              {pd product} {ergonomic}
     bool SegmentedCodeCache                       = true                                      {product} {ergonomic}
     bool UseCompressedClassPointers               = true                                 {lp64_product} {ergonomic}
     bool UseCompressedOops                        = true                                 {lp64_product} {ergonomic}
     bool UseG1GC                                  = true                                      {product} {ergonomic}
     bool UseLargePagesIndividualAllocation        = false                                  {pd product} {ergonomic}

Logging:
Log output configuration:
 #0: stdout all=warning uptime,level,tags
 #1: stderr all=off uptime,level,tags

Environment Variables:
PATH=C:\Program Files\Git\mingw64\libexec\git-core;C:\Program Files\Git\mingw64\libexec\git-core;C:\Program Files\Git\mingw64\bin;C:\Program Files\Git\usr\bin;C:\Users\emirh\bin;C:\WINDOWS\system32;C:\WINDOWS;C:\WINDOWS\System32\Wbem;C:\WINDOWS\System32\WindowsPowerShell\v1.0;C:\WINDOWS\System32\OpenSSH;C:\Program Files\Git\cmd;C:\Users\emirh\AppData\Local\Microsoft\WindowsApps
USERNAME=emirh
DISPLAY=:0.0
LC_ALL=en_US.UTF-8
OS=Windows_NT
PROCESSOR_IDENTIFIER=Intel64 Family 6 Model 142 Stepping 12, GenuineIntel



---------------  S Y S T E M  ---------------

OS: Windows 10 , 64 bit Build 19041 (10.0.19041.1889)
OS uptime: 1 days 8:42 hours

CPU:total 8 (initial active 8) (4 cores per cpu, 2 threads per core) family 6 model 142 stepping 12 microcode 0xca, cmov, cx8, fxsr, mmx, sse, sse2, sse3, ssse3, sse4.1, sse4.2, popcnt, avx, avx2, aes, clmul, erms, 3dnowpref, lzcnt, ht, tsc, tscinvbit, bmi1, bmi2, adx, fma

Memory: 4k page, system-wide physical 16253M (235M free)
TotalPageFile size 65405M (AvailPageFile size 63M)
current process WorkingSet (physical memory assigned to process): 10M, peak: 10M
current process commit charge ("private bytes"): 60M, peak: 314M

vm_info: OpenJDK 64-Bit Server VM (11.0.13+0-b1751.21-8125866) for windows-amd64 JRE (11.0.13+0-b1751.21-8125866), built on Feb  2 2022 03:00:22 by "builder" with MS VC++ 14.0 (VS2015)

END.
